This file contains any messages produced by compilers while
running configure, to aid debugging if configure makes a mistake.

It was created by HTSlib configure 1.2.1, which was
generated by GNU Autoconf 2.68.  Invocation command line was

  $ ./configure 

## --------- ##
## Platform. ##
## --------- ##

hostname = r410
uname -m = x86_64
uname -r = 2.6.32-358.el6.x86_64
uname -s = Linux
uname -v = #1 SMP Fri Feb 22 00:31:26 UTC 2013

/usr/bin/uname -p = unknown
/bin/uname -X     = unknown

/bin/arch              = x86_64
/usr/bin/arch -k       = unknown
/usr/convex/getsysinfo = unknown
/usr/bin/hostinfo      = unknown
/bin/machine           = unknown
/usr/bin/oslevel       = unknown
/bin/universe          = unknown

PATH: /usr/lib64/qt-3.3/bin
PATH: /data/packages/bowtie2-2.1.0/
PATH: /usr/local/bin
PATH: /bin
PATH: /usr/bin
PATH: /usr/local/sbin
PATH: /usr/sbin
PATH: /sbin
PATH: /data/home/mdy89/bin/
PATH: /packages/cufflinks-2.0.2/install/bin/
PATH: /packages/blast-2.2.17/bin/
PATH: /packages/bedtools2-2.19.0//bin
PATH: /packages/bowtie2-2.2.5//
PATH: /packages/matlab/bin/
PATH: /packages/blast-2.2.26/bin/
PATH: /
PATH: /packages/tophat-2.0.10.Linux_x86_64/
PATH: /packages/cufflinks-2.1.1.Linux_x86_64/
PATH: /data/packages/bowtie-0.12.3//
PATH: /packages/samtools-0.1.19/
PATH: /packages/bwa-0.7.6a/
PATH: /packages/samtools-bcftools-1fa9256//
PATH: /packages/jdk1.7.0_51/jre//bin/
PATH: /packages/bamtools//bin/
PATH: /packages/ncbi-blast-2.2.28+//bin
PATH: /packages/ncbi-blast-2.2.28+//bin
PATH: /packages/ncbi-blast-2.2.28+//bin
PATH: /packages/bsmap-2.74//
PATH: /usr/local/helisphere//bin/
PATH: /data/packages/bedops//
PATH: /packages/bowtie2-2.2.5//
PATH: /data/packages/bowtie-0.12.3/


## ----------- ##
## Core tests. ##
## ----------- ##

configure:1861: checking for gcc
configure:1877: found /usr/bin/gcc
configure:1888: result: gcc
configure:2117: checking for C compiler version
configure:2126: gcc --version >&5
gcc (GCC) 4.4.7 20120313 (Red Hat 4.4.7-11)
Copyright (C) 2010 Free Software Foundation, Inc.
This is free software; see the source for copying conditions.  There is NO
warranty; not even for MERCHANTABILITY or FITNESS FOR A PARTICULAR PURPOSE.

configure:2137: $? = 0
configure:2126: gcc -v >&5
Using built-in specs.
Target: x86_64-redhat-linux
Configured with: ../configure --prefix=/usr --mandir=/usr/share/man --infodir=/usr/share/info --with-bugurl=http://bugzilla.redhat.com/bugzilla --enable-bootstrap --enable-shared --enable-threads=posix --enable-checking=release --with-system-zlib --enable-__cxa_atexit --disable-libunwind-exceptions --enable-gnu-unique-object --enable-languages=c,c++,objc,obj-c++,java,fortran,ada --enable-java-awt=gtk --disable-dssi --with-java-home=/usr/lib/jvm/java-1.5.0-gcj-1.5.0.0/jre --enable-libgcj-multifile --enable-java-maintainer-mode --with-ecj-jar=/usr/share/java/eclipse-ecj.jar --disable-libjava-multilib --with-ppl --with-cloog --with-tune=generic --with-arch_32=i686 --build=x86_64-redhat-linux
Thread model: posix
gcc version 4.4.7 20120313 (Red Hat 4.4.7-11) (GCC) 
configure:2137: $? = 0
configure:2126: gcc -V >&5
gcc: '-V' option must have argument
configure:2137: $? = 1
configure:2126: gcc -qversion >&5
gcc: unrecognized option '-qversion'
gcc: no input files
configure:2137: $? = 1
configure:2157: checking whether the C compiler works
configure:2179: gcc    conftest.c  >&5
configure:2183: $? = 0
configure:2231: result: yes
configure:2234: checking for C compiler default output file name
configure:2236: result: a.out
configure:2242: checking for suffix of executables
configure:2249: gcc -o conftest    conftest.c  >&5
configure:2253: $? = 0
configure:2275: result: 
configure:2297: checking whether we are cross compiling
configure:2305: gcc -o conftest    conftest.c  >&5
configure:2309: $? = 0
configure:2316: ./conftest
configure:2320: $? = 0
configure:2335: result: no
configure:2340: checking for suffix of object files
configure:2362: gcc -c   conftest.c >&5
configure:2366: $? = 0
configure:2387: result: o
configure:2391: checking whether we are using the GNU C compiler
configure:2410: gcc -c   conftest.c >&5
configure:2410: $? = 0
configure:2419: result: yes
configure:2428: checking whether gcc accepts -g
configure:2448: gcc -c -g  conftest.c >&5
configure:2448: $? = 0
configure:2489: result: yes
configure:2506: checking for gcc option to accept ISO C89
configure:2570: gcc  -c -g -O2  conftest.c >&5
configure:2570: $? = 0
configure:2583: result: none needed
configure:2646: checking for ranlib
configure:2662: found /usr/bin/ranlib
configure:2673: result: ranlib
configure:2712: checking for zlib.h
configure:2712: gcc -c -g -O2  conftest.c >&5
configure:2712: $? = 0
configure:2712: result: yes
configure:2721: checking for inflate in -lz
configure:2746: gcc -o conftest -g -O2   conftest.c -lz   >&5
configure:2746: $? = 0
configure:2755: result: yes
configure:2995: creating ./config.status
configure:3985: error: write failure creating ./config.status

## ---------------- ##
## Cache variables. ##
## ---------------- ##

ac_cv_c_compiler_gnu=yes
ac_cv_env_CC_set=
ac_cv_env_CC_value=
ac_cv_env_CFLAGS_set=
ac_cv_env_CFLAGS_value=
ac_cv_env_CPPFLAGS_set=
ac_cv_env_CPPFLAGS_value=
ac_cv_env_LDFLAGS_set=
ac_cv_env_LDFLAGS_value=
ac_cv_env_LIBS_set=
ac_cv_env_LIBS_value=
ac_cv_env_build_alias_set=
ac_cv_env_build_alias_value=
ac_cv_env_host_alias_set=
ac_cv_env_host_alias_value=
ac_cv_env_target_alias_set=
ac_cv_env_target_alias_value=
ac_cv_header_zlib_h=yes
ac_cv_lib_z_inflate=yes
ac_cv_objext=o
ac_cv_prog_ac_ct_CC=gcc
ac_cv_prog_ac_ct_RANLIB=ranlib
ac_cv_prog_cc_c89=
ac_cv_prog_cc_g=yes

## ----------------- ##
## Output variables. ##
## ----------------- ##

CC='gcc'
CFLAGS='-g -O2'
CPPFLAGS=''
DEFS='-DPACKAGE_NAME=\"HTSlib\" -DPACKAGE_TARNAME=\"htslib\" -DPACKAGE_VERSION=\"1.2.1\" -DPACKAGE_STRING=\"HTSlib\ 1.2.1\" -DPACKAGE_BUGREPORT=\"samtools-help@lists.sourceforge.net\" -DPACKAGE_URL=\"http://www.htslib.org/\" -DHAVE_LIBZ=1'
ECHO_C=''
ECHO_N='-n'
ECHO_T=''
EXEEXT=''
LDFLAGS=''
LIBOBJS=''
LIBS=''
LTLIBOBJS=''
OBJEXT='o'
PACKAGE_BUGREPORT='samtools-help@lists.sourceforge.net'
PACKAGE_NAME='HTSlib'
PACKAGE_STRING='HTSlib 1.2.1'
PACKAGE_TARNAME='htslib'
PACKAGE_URL='http://www.htslib.org/'
PACKAGE_VERSION='1.2.1'
PATH_SEPARATOR=':'
RANLIB='ranlib'
SHELL='/bin/sh'
ac_ct_CC='gcc'
bindir='${exec_prefix}/bin'
build_alias=''
datadir='${datarootdir}'
datarootdir='${prefix}/share'
define_IRODS_HOME='IRODS_HOME ?= /disabled'
docdir='${datarootdir}/doc/${PACKAGE_TARNAME}'
dvidir='${docdir}'
exec_prefix='${prefix}'
host_alias=''
htmldir='${docdir}'
includedir='${prefix}/include'
infodir='${datarootdir}/info'
irods='disabled'
libdir='${exec_prefix}/lib'
libexecdir='${exec_prefix}/libexec'
localedir='${datarootdir}/locale'
localstatedir='${prefix}/var'
mandir='${datarootdir}/man'
oldincludedir='/usr/include'
pdfdir='${docdir}'
prefix='/usr/local'
program_transform_name='s,x,x,'
psdir='${docdir}'
sbindir='${exec_prefix}/sbin'
sharedstatedir='${prefix}/com'
sysconfdir='${prefix}/etc'
target_alias=''

## ----------- ##
## confdefs.h. ##
## ----------- ##

/* confdefs.h */
#define PACKAGE_NAME "HTSlib"
#define PACKAGE_TARNAME "htslib"
#define PACKAGE_VERSION "1.2.1"
#define PACKAGE_STRING "HTSlib 1.2.1"
#define PACKAGE_BUGREPORT "samtools-help@lists.sourceforge.net"
#define PACKAGE_URL "http://www.htslib.org/"
#define HAVE_LIBZ 1

configure: exit 1
